#
# A fatal error has been detected by the Java Runtime Environment:
#
#  EXCEPTION_ACCESS_VIOLATION (0xc0000005) at pc=0x00007ff9d49d4ccd, pid=14104, tid=28272
#
# JRE version: Java(TM) SE Runtime Environment (17.0.12+8) (build 17.0.12+8-LTS-286)
# Java VM: Java HotSpot(TM) 64-Bit Server VM (17.0.12+8-LTS-286, mixed mode, sharing, tiered, compressed oops, compressed class ptrs, g1 gc, windows-amd64)
# Problematic frame:
# C  [nvoglv64.dll+0x1464ccd]
#
# No core dump will be written. Minidumps are not enabled by default on client versions of Windows
#
# If you would like to submit a bug report, please visit:
#   https://bugreport.java.com/bugreport/crash.jsp
# The crash happened outside the Java Virtual Machine in native code.
# See problematic frame for where to report the bug.
#

---------------  S U M M A R Y ------------

Command Line: -Dfile.encoding=UTF-8 -Duser.country=RU -Duser.language=ru -Duser.variant d2t.terra.abubaria.MainKt

Host: 13th Gen Intel(R) Core(TM) i5-13400F, 16 cores, 31G,  Windows 10 , 64 bit Build 19041 (10.0.19041.5438)
Time: Tue Mar 11 01:02:04 2025  Windows 10 , 64 bit Build 19041 (10.0.19041.5438) elapsed time: 1.043126 seconds (0d 0h 0m 1s)

---------------  T H R E A D  ---------------

Current thread (0x0000029bfd34d850):  JavaThread "main" [_thread_in_native, id=28272, stack(0x000000cbd5000000,0x000000cbd5100000)]

Stack: [0x000000cbd5000000,0x000000cbd5100000],  sp=0x000000cbd50feb28,  free space=1018k
Native frames: (J=compiled Java code, j=interpreted, Vv=VM code, C=native code)
C  [nvoglv64.dll+0x1464ccd]

Java frames: (J=compiled Java code, j=interpreted, Vv=VM code)
j  org.lwjgl.opengl.GL11C.glDrawArrays(III)V+0
j  org.lwjgl.opengl.GL11.glDrawArrays(III)V+3
j  d2t.terra.abubaria.world.Chunk.drawTextureGroup(ILjava/util/List;)V+460
j  d2t.terra.abubaria.world.Chunk.draw(Ld2t/terra/abubaria/location/Location;)V+557
j  d2t.terra.abubaria.world.World.draw(Ld2t/terra/abubaria/location/Location;)V+241
j  d2t.terra.abubaria.GamePanel.drawScreen()V+18
j  d2t.terra.abubaria.GamePanel.draw()V+51
j  d2t.terra.abubaria.GamePanel.startGameThread()V+68
j  d2t.terra.abubaria.MainKt.main()V+95
j  d2t.terra.abubaria.MainKt.main([Ljava/lang/String;)V+0
v  ~StubRoutines::call_stub

siginfo: EXCEPTION_ACCESS_VIOLATION (0xc0000005), reading address 0x0000000000000010


Registers:
RAX=0x0000029bf25f441c, RBX=0x0000029bf1a06938, RCX=0x0000029bf25f441c, RDX=0x0000000000000010
RSP=0x000000cbd50feb28, RBP=0x0000000000000014, RSI=0x0000000000000014, RDI=0x0000029bf25f441c
R8 =0x00000000000000a0, R9 =0x00000000000000b0, R10=0x00007ff9d3570000, R11=0x00007ff9d3570000
R12=0x0000000000000000, R13=0x0000029bf1a061e8, R14=0x0000000000000101, R15=0x0000000000000000
RIP=0x00007ff9d49d4ccd, EFLAGS=0x0000000000010287


Register to memory mapping:

RIP=0x00007ff9d49d4ccd nvoglv64.dll
RAX=0x0000029bf25f441c points into unknown readable memory: ff ff ff ff
RBX=0x0000029bf1a06938 points into unknown readable memory: 0x0000000000000010 | 10 00 00 00 00 00 00 00
RCX=0x0000029bf25f441c points into unknown readable memory: ff ff ff ff
RDX=0x0000000000000010 is an unknown value
RSP=0x000000cbd50feb28 is pointing into the stack for thread: 0x0000029bfd34d850
RBP=0x0000000000000014 is an unknown value
RSI=0x0000000000000014 is an unknown value
RDI=0x0000029bf25f441c points into unknown readable memory: ff ff ff ff
R8 =0x00000000000000a0 is an unknown value
R9 =0x00000000000000b0 is an unknown value
R10=0x00007ff9d3570000 nvoglv64.dll
R11=0x00007ff9d3570000 nvoglv64.dll
R12=0x0 is NULL
R13=0x0000029bf1a061e8 points into unknown readable memory: 0x0000000000000004 | 04 00 00 00 00 00 00 00
R14=0x0000000000000101 is an unknown value
R15=0x0 is NULL


Top of Stack: (sp=0x000000cbd50feb28)
0x000000cbd50feb28:   00007ff9d3e482f1 0000029bec527538
0x000000cbd50feb38:   0000000000000028 0000000000000028
0x000000cbd50feb48:   00007ff9d3cbfe9b 0000000000000000
0x000000cbd50feb58:   000000cbd50fec00 0000029bf1a061e8
0x000000cbd50feb68:   0000000000000007 0000000000000150
0x000000cbd50feb78:   00007ff9d3e492f3 0000029bf1a04080
0x000000cbd50feb88:   0000000000000000 0000000000000014
0x000000cbd50feb98:   000000cbd50feca8 0000029bfd34d850
0x000000cbd50feba8:   000000cbd50fecb0 0000029bec7bff60
0x000000cbd50febb8:   0000000000000000 0000029bf1a061e8
0x000000cbd50febc8:   00007ff9d3a9e0d6 0000029bf1a06938
0x000000cbd50febd8:   000000cbd50fec80 0000000000000010
0x000000cbd50febe8:   0000000000000010 0000029b8ec494f0
0x000000cbd50febf8:   0000029b8ec4d5d6 0000029bec7bff68
0x000000cbd50fec08:   0000029b8ec495bf 0000029b8ec495bf
0x000000cbd50fec18:   0000029b8ec4d2b6 000000cb00000014 

Instructions: (pc=0x00007ff9d49d4ccd)
0x00007ff9d49d4bcd:   08 66 44 89 40 04 44 88 48 06 c3 4c 8b 02 8b 4a
0x00007ff9d49d4bdd:   08 44 0f b7 4a 0c 4c 89 00 89 48 08 66 44 89 48
0x00007ff9d49d4bed:   0c c3 0f b7 0a 44 0f b6 42 02 66 89 08 44 88 40
0x00007ff9d49d4bfd:   02 c3 90 4c 8b 02 8b 4a 08 44 0f b6 4a 0c 4c 89
0x00007ff9d49d4c0d:   00 89 48 08 44 88 48 0c c3 4c 8b 02 0f b7 4a 08
0x00007ff9d49d4c1d:   4c 89 00 66 89 48 08 c3 4c 8b 02 0f b6 4a 08 4c
0x00007ff9d49d4c2d:   89 00 88 48 08 c3 4c 8b 02 8b 4a 08 4c 89 00 89
0x00007ff9d49d4c3d:   48 08 c3 8b 0a 44 0f b7 42 04 89 08 66 44 89 40
0x00007ff9d49d4c4d:   04 c3 8b 0a 44 0f b6 42 04 89 08 44 88 40 04 c3
0x00007ff9d49d4c5d:   48 8b 0a 48 89 08 c3 0f b6 0a 88 08 c3 8b 0a 89
0x00007ff9d49d4c6d:   08 c3 90 49 83 f8 20 77 17 f3 0f 6f 0a f3 42 0f
0x00007ff9d49d4c7d:   6f 54 02 f0 f3 0f 7f 09 f3 42 0f 7f 54 01 f0 c3
0x00007ff9d49d4c8d:   4e 8d 0c 02 48 3b ca 4c 0f 46 c9 49 3b c9 0f 82
0x00007ff9d49d4c9d:   3f 04 00 00 83 3d a8 a3 f8 00 03 0f 82 e2 02 00
0x00007ff9d49d4cad:   00 49 81 f8 00 20 00 00 76 16 49 81 f8 00 00 18
0x00007ff9d49d4cbd:   00 77 0d f6 05 a5 16 09 01 02 0f 85 73 fe ff ff
0x00007ff9d49d4ccd:   c5 fe 6f 02 c4 a1 7e 6f 6c 02 e0 49 81 f8 00 01
0x00007ff9d49d4cdd:   00 00 0f 86 c3 00 00 00 4c 8b c9 49 83 e1 1f 49
0x00007ff9d49d4ced:   83 e9 20 49 2b c9 49 2b d1 4d 03 c1 49 81 f8 00
0x00007ff9d49d4cfd:   01 00 00 0f 86 a2 00 00 00 49 81 f8 00 00 18 00
0x00007ff9d49d4d0d:   0f 87 3d 01 00 00 66 66 66 66 66 0f 1f 84 00 00
0x00007ff9d49d4d1d:   00 00 00 c5 fe 6f 0a c5 fe 6f 52 20 c5 fe 6f 5a
0x00007ff9d49d4d2d:   40 c5 fe 6f 62 60 c5 fd 7f 09 c5 fd 7f 51 20 c5
0x00007ff9d49d4d3d:   fd 7f 59 40 c5 fd 7f 61 60 c5 fe 6f 8a 80 00 00
0x00007ff9d49d4d4d:   00 c5 fe 6f 92 a0 00 00 00 c5 fe 6f 9a c0 00 00
0x00007ff9d49d4d5d:   00 c5 fe 6f a2 e0 00 00 00 c5 fd 7f 89 80 00 00
0x00007ff9d49d4d6d:   00 c5 fd 7f 91 a0 00 00 00 c5 fd 7f 99 c0 00 00
0x00007ff9d49d4d7d:   00 c5 fd 7f a1 e0 00 00 00 48 81 c1 00 01 00 00
0x00007ff9d49d4d8d:   48 81 c2 00 01 00 00 49 81 e8 00 01 00 00 49 81
0x00007ff9d49d4d9d:   f8 00 01 00 00 0f 83 78 ff ff ff 4d 8d 48 1f 49
0x00007ff9d49d4dad:   83 e1 e0 4d 8b d9 49 c1 eb 05 47 8b 9c 9a c0 1d
0x00007ff9d49d4dbd:   1f 02 4d 03 da 41 ff e3 c4 a1 7e 6f 8c 0a 00 ff 


Stack slot to memory mapping:
stack at sp + 0 slots: 0x00007ff9d3e482f1 nvoglv64.dll
stack at sp + 1 slots: {method} {0x0000029bec527540} 'glDrawArrays' '(III)V' in 'org/lwjgl/opengl/GL11'
stack at sp + 2 slots: 0x0000000000000028 is an unknown value
stack at sp + 3 slots: 0x0000000000000028 is an unknown value
stack at sp + 4 slots: 0x00007ff9d3cbfe9b nvoglv64.dll
stack at sp + 5 slots: 0x0 is NULL
stack at sp + 6 slots: 0x000000cbd50fec00 is pointing into the stack for thread: 0x0000029bfd34d850
stack at sp + 7 slots: 0x0000029bf1a061e8 points into unknown readable memory: 0x0000000000000004 | 04 00 00 00 00 00 00 00


---------------  P R O C E S S  ---------------

Threads class SMR info:
_java_thread_list=0x0000029bf87e4a30, length=25, elements={
0x0000029bfd34d850, 0x0000029ba9a4c5b0, 0x0000029ba9a4d340, 0x0000029ba9a611c0,
0x0000029ba9a61c90, 0x0000029ba9a64570, 0x0000029ba9a65050, 0x0000029ba9a66110,
0x0000029ba9a69fd0, 0x0000029ba9a74900, 0x0000029baa5c8990, 0x0000029baa5ccec0,
0x0000029baa5f9e90, 0x0000029baa604c30, 0x0000029bf297c500, 0x0000029bf2cc06b0,
0x0000029bf2ecc100, 0x0000029bf7eadcb0, 0x0000029bf7f2d380, 0x0000029bf7c144b0,
0x0000029bf7c17240, 0x0000029bf7c13fa0, 0x0000029bf8057490, 0x0000029c02ec8d30,
0x0000029bf87f7180
}

Java Threads: ( => current thread )
=>0x0000029bfd34d850 JavaThread "main" [_thread_in_native, id=28272, stack(0x000000cbd5000000,0x000000cbd5100000)]
  0x0000029ba9a4c5b0 JavaThread "Reference Handler" daemon [_thread_blocked, id=27924, stack(0x000000cbd5700000,0x000000cbd5800000)]
  0x0000029ba9a4d340 JavaThread "Finalizer" daemon [_thread_blocked, id=13244, stack(0x000000cbd5800000,0x000000cbd5900000)]
  0x0000029ba9a611c0 JavaThread "Signal Dispatcher" daemon [_thread_blocked, id=25776, stack(0x000000cbd5900000,0x000000cbd5a00000)]
  0x0000029ba9a61c90 JavaThread "Attach Listener" daemon [_thread_blocked, id=28352, stack(0x000000cbd5a00000,0x000000cbd5b00000)]
  0x0000029ba9a64570 JavaThread "Service Thread" daemon [_thread_blocked, id=27440, stack(0x000000cbd5b00000,0x000000cbd5c00000)]
  0x0000029ba9a65050 JavaThread "Monitor Deflation Thread" daemon [_thread_blocked, id=25780, stack(0x000000cbd5c00000,0x000000cbd5d00000)]
  0x0000029ba9a66110 JavaThread "C2 CompilerThread0" daemon [_thread_blocked, id=20100, stack(0x000000cbd5d00000,0x000000cbd5e00000)]
  0x0000029ba9a69fd0 JavaThread "C1 CompilerThread0" daemon [_thread_blocked, id=25564, stack(0x000000cbd5e00000,0x000000cbd5f00000)]
  0x0000029ba9a74900 JavaThread "Sweeper thread" daemon [_thread_blocked, id=26364, stack(0x000000cbd5f00000,0x000000cbd6000000)]
  0x0000029baa5c8990 JavaThread "C1 CompilerThread1" daemon [_thread_blocked, id=21512, stack(0x000000cbd6000000,0x000000cbd6100000)]
  0x0000029baa5ccec0 JavaThread "C1 CompilerThread2" daemon [_thread_blocked, id=26920, stack(0x000000cbd6100000,0x000000cbd6200000)]
  0x0000029baa5f9e90 JavaThread "Notification Thread" daemon [_thread_blocked, id=26112, stack(0x000000cbd6200000,0x000000cbd6300000)]
  0x0000029baa604c30 JavaThread "Common-Cleaner" daemon [_thread_blocked, id=20352, stack(0x000000cbd6400000,0x000000cbd6500000)]
  0x0000029bf297c500 JavaThread "Java2D Disposer" daemon [_thread_blocked, id=18152, stack(0x000000cbd7900000,0x000000cbd7a00000)]
  0x0000029bf2cc06b0 JavaThread "AWT-Shutdown" [_thread_blocked, id=25840, stack(0x000000cbd7a00000,0x000000cbd7b00000)]
  0x0000029bf2ecc100 JavaThread "AWT-Windows" daemon [_thread_in_native, id=26816, stack(0x000000cbd7b00000,0x000000cbd7c00000)]
  0x0000029bf7eadcb0 JavaThread "C2 CompilerThread1" daemon [_thread_in_native, id=27372, stack(0x000000cbd6c00000,0x000000cbd6d00000)]
  0x0000029bf7f2d380 JavaThread "C2 CompilerThread2" daemon [_thread_blocked, id=25576, stack(0x000000cbd6d00000,0x000000cbd6e00000)]
  0x0000029bf7c144b0 JavaThread "lightThread" [_thread_in_Java, id=24604, stack(0x000000cbd7e50000,0x000000cbd7f50000)]
  0x0000029bf7c17240 JavaThread "pool-1-thread-1" [_thread_in_Java, id=20312, stack(0x000000cbd7f50000,0x000000cbd8050000)]
  0x0000029bf7c13fa0 JavaThread "gameThread" [_thread_in_native_trans, id=24904, stack(0x000000cbd8050000,0x000000cbd8150000)]
  0x0000029bf8057490 JavaThread "C1 CompilerThread3" daemon [_thread_blocked, id=27768, stack(0x000000cbd8150000,0x000000cbd8250000)]
  0x0000029c02ec8d30 JavaThread "C2 CompilerThread3" daemon [_thread_blocked, id=26988, stack(0x000000cbd8250000,0x000000cbd8350000)]
  0x0000029bf87f7180 JavaThread "C2 CompilerThread4" daemon [_thread_blocked, id=19056, stack(0x000000cbd8350000,0x000000cbd8450000)]

Other Threads:
  0x0000029ba9a472d0 VMThread "VM Thread" [stack: 0x000000cbd5600000,0x000000cbd5700000] [id=26904]
  0x0000029baa602580 WatcherThread [stack: 0x000000cbd6300000,0x000000cbd6400000] [id=26128]
  0x0000029bfd3fbd70 GCTaskThread "GC Thread#0" [stack: 0x000000cbd5100000,0x000000cbd5200000] [id=28068]
  0x0000029bf281e1f0 GCTaskThread "GC Thread#1" [stack: 0x000000cbd6e00000,0x000000cbd6f00000] [id=21312]
  0x0000029bf2820750 GCTaskThread "GC Thread#2" [stack: 0x000000cbd6f00000,0x000000cbd7000000] [id=20260]
  0x0000029bf2820a10 GCTaskThread "GC Thread#3" [stack: 0x000000cbd7000000,0x000000cbd7100000] [id=28136]
  0x0000029bf28212e0 GCTaskThread "GC Thread#4" [stack: 0x000000cbd7100000,0x000000cbd7200000] [id=26760]
  0x0000029bf29b55f0 GCTaskThread "GC Thread#5" [stack: 0x000000cbd7200000,0x000000cbd7300000] [id=28196]
  0x0000029bf29b60d0 GCTaskThread "GC Thread#6" [stack: 0x000000cbd7300000,0x000000cbd7400000] [id=25340]
  0x0000029bf28239c0 GCTaskThread "GC Thread#7" [stack: 0x000000cbd7400000,0x000000cbd7500000] [id=25708]
  0x0000029bf29cf0a0 GCTaskThread "GC Thread#8" [stack: 0x000000cbd7500000,0x000000cbd7600000] [id=24864]
  0x0000029bf29d0c70 GCTaskThread "GC Thread#9" [stack: 0x000000cbd7600000,0x000000cbd7700000] [id=26900]
  0x0000029bf29d06f0 GCTaskThread "GC Thread#10" [stack: 0x000000cbd7700000,0x000000cbd7800000] [id=20448]
  0x0000029bf29cfeb0 GCTaskThread "GC Thread#11" [stack: 0x000000cbd7800000,0x000000cbd7900000] [id=27448]
  0x0000029bfd40ca60 ConcurrentGCThread "G1 Main Marker" [stack: 0x000000cbd5200000,0x000000cbd5300000] [id=26780]
  0x0000029bfd40db20 ConcurrentGCThread "G1 Conc#0" [stack: 0x000000cbd5300000,0x000000cbd5400000] [id=24588]
  0x0000029ba997e860 ConcurrentGCThread "G1 Refine#0" [stack: 0x000000cbd5400000,0x000000cbd5500000] [id=20324]
  0x0000029ba997f1a0 ConcurrentGCThread "G1 Service" [stack: 0x000000cbd5500000,0x000000cbd5600000] [id=11092]

Threads with active compile tasks:
C2 CompilerThread1     1091 1771 %     4       d2t.terra.abubaria.light.Light::findDistanceToAir @ 121 (473 bytes)

VM state: not at safepoint (normal execution)

VM Mutex/Monitor currently owned by a thread: None

Heap address: 0x0000000602c00000, size: 8148 MB, Compressed Oops mode: Zero based, Oop shift amount: 3

CDS archive(s) mapped at: [0x0000029bab000000-0x0000029babbd0000-0x0000029babbd0000), size 12386304, SharedBaseAddress: 0x0000029bab000000, ArchiveRelocationMode: 1.
Compressed class space mapped at: 0x0000029bac000000-0x0000029bec000000, reserved size: 1073741824
Narrow klass base: 0x0000029bab000000, Narrow klass shift: 0, Narrow klass range: 0x100000000

GC Precious Log:
 CPUs: 16 total, 16 available
 Memory: 32580M
 Large Page Support: Disabled
 NUMA Support: Disabled
 Compressed Oops: Enabled (Zero based)
 Heap Region Size: 4M
 Heap Min Capacity: 8M
 Heap Initial Capacity: 512M
 Heap Max Capacity: 8148M
 Pre-touch: Disabled
 Parallel Workers: 13
 Concurrent Workers: 3
 Concurrent Refinement Workers: 13
 Periodic GC: Disabled

Heap:
 garbage-first heap   total 524288K, used 110343K [0x0000000602c00000, 0x0000000800000000)
  region size 4096K, 12 young (49152K), 2 survivors (8192K)
 Metaspace       used 10553K, committed 10752K, reserved 1114112K
  class space    used 653K, committed 768K, reserved 1048576K

Heap Regions: E=young(eden), S=young(survivor), O=old, HS=humongous(starts), HC=humongous(continues), CS=collection set, F=free, OA=open archive, CA=closed archive, TAMS=top-at-mark-start (previous, next)
|   0|0x0000000602c00000, 0x0000000603000000, 0x0000000603000000|100%| O|  |TAMS 0x0000000602c00000, 0x0000000602c00000| Untracked 
|   1|0x0000000603000000, 0x0000000603400000, 0x0000000603400000|100%| O|  |TAMS 0x0000000603000000, 0x0000000603000000| Untracked 
|   2|0x0000000603400000, 0x0000000603800000, 0x0000000603800000|100%| O|  |TAMS 0x0000000603400000, 0x0000000603400000| Untracked 
|   3|0x0000000603800000, 0x0000000603c00000, 0x0000000603c00000|100%| O|  |TAMS 0x0000000603800000, 0x0000000603800000| Untracked 
|   4|0x0000000603c00000, 0x0000000604000000, 0x0000000604000000|100%| O|  |TAMS 0x0000000603c00000, 0x0000000603c00000| Untracked 
|   5|0x0000000604000000, 0x0000000604400000, 0x0000000604400000|100%| O|  |TAMS 0x0000000604000000, 0x0000000604000000| Untracked 
|   6|0x0000000604400000, 0x0000000604800000, 0x0000000604800000|100%| O|  |TAMS 0x0000000604400000, 0x0000000604400000| Untracked 
|   7|0x0000000604800000, 0x0000000604800000, 0x0000000604c00000|  0%| F|  |TAMS 0x0000000604800000, 0x0000000604800000| Untracked 
|   8|0x0000000604c00000, 0x0000000604c00000, 0x0000000605000000|  0%| F|  |TAMS 0x0000000604c00000, 0x0000000604c00000| Untracked 
|   9|0x0000000605000000, 0x0000000605000000, 0x0000000605400000|  0%| F|  |TAMS 0x0000000605000000, 0x0000000605000000| Untracked 
|  10|0x0000000605400000, 0x0000000605400000, 0x0000000605800000|  0%| F|  |TAMS 0x0000000605400000, 0x0000000605400000| Untracked 
|  11|0x0000000605800000, 0x0000000605c00000, 0x0000000605c00000|100%| O|  |TAMS 0x0000000605800000, 0x0000000605800000| Untracked 
|  12|0x0000000605c00000, 0x0000000606000000, 0x0000000606000000|100%| O|  |TAMS 0x0000000605c00000, 0x0000000605c00000| Untracked 
|  13|0x0000000606000000, 0x0000000606400000, 0x0000000606400000|100%| O|  |TAMS 0x0000000606000000, 0x0000000606000000| Untracked 
|  14|0x0000000606400000, 0x0000000606800000, 0x0000000606800000|100%| O|  |TAMS 0x0000000606400000, 0x0000000606400000| Untracked 
|  15|0x0000000606800000, 0x0000000606c00000, 0x0000000606c00000|100%| O|  |TAMS 0x0000000606800000, 0x0000000606800000| Untracked 
|  16|0x0000000606c00000, 0x0000000607000000, 0x0000000607000000|100%| O|  |TAMS 0x0000000606c00000, 0x0000000606c00000| Untracked 
|  17|0x0000000607000000, 0x0000000607400000, 0x0000000607400000|100%| O|  |TAMS 0x0000000607000000, 0x0000000607000000| Untracked 
|  18|0x0000000607400000, 0x0000000607800000, 0x0000000607800000|100%| O|  |TAMS 0x0000000607400000, 0x0000000607400000| Untracked 
|  19|0x0000000607800000, 0x0000000607bc1e00, 0x0000000607c00000| 93%| O|  |TAMS 0x0000000607800000, 0x0000000607800000| Untracked 
|  20|0x0000000607c00000, 0x0000000607c00000, 0x0000000608000000|  0%| F|  |TAMS 0x0000000607c00000, 0x0000000607c00000| Untracked 
|  21|0x0000000608000000, 0x0000000608000000, 0x0000000608400000|  0%| F|  |TAMS 0x0000000608000000, 0x0000000608000000| Untracked 
|  22|0x0000000608400000, 0x0000000608400000, 0x0000000608800000|  0%| F|  |TAMS 0x0000000608400000, 0x0000000608400000| Untracked 
|  23|0x0000000608800000, 0x0000000608800000, 0x0000000608c00000|  0%| F|  |TAMS 0x0000000608800000, 0x0000000608800000| Untracked 
|  24|0x0000000608c00000, 0x0000000608c00000, 0x0000000609000000|  0%| F|  |TAMS 0x0000000608c00000, 0x0000000608c00000| Untracked 
|  25|0x0000000609000000, 0x0000000609000000, 0x0000000609400000|  0%| F|  |TAMS 0x0000000609000000, 0x0000000609000000| Untracked 
|  26|0x0000000609400000, 0x0000000609400000, 0x0000000609800000|  0%| F|  |TAMS 0x0000000609400000, 0x0000000609400000| Untracked 
|  27|0x0000000609800000, 0x0000000609800000, 0x0000000609c00000|  0%| F|  |TAMS 0x0000000609800000, 0x0000000609800000| Untracked 
|  28|0x0000000609c00000, 0x0000000609c00000, 0x000000060a000000|  0%| F|  |TAMS 0x0000000609c00000, 0x0000000609c00000| Untracked 
|  29|0x000000060a000000, 0x000000060a000000, 0x000000060a400000|  0%| F|  |TAMS 0x000000060a000000, 0x000000060a000000| Untracked 
|  30|0x000000060a400000, 0x000000060a400000, 0x000000060a800000|  0%| F|  |TAMS 0x000000060a400000, 0x000000060a400000| Untracked 
|  31|0x000000060a800000, 0x000000060a800000, 0x000000060ac00000|  0%| F|  |TAMS 0x000000060a800000, 0x000000060a800000| Untracked 
|  32|0x000000060ac00000, 0x000000060ac00000, 0x000000060b000000|  0%| F|  |TAMS 0x000000060ac00000, 0x000000060ac00000| Untracked 
|  33|0x000000060b000000, 0x000000060b000000, 0x000000060b400000|  0%| F|  |TAMS 0x000000060b000000, 0x000000060b000000| Untracked 
|  34|0x000000060b400000, 0x000000060b400000, 0x000000060b800000|  0%| F|  |TAMS 0x000000060b400000, 0x000000060b400000| Untracked 
|  35|0x000000060b800000, 0x000000060b800000, 0x000000060bc00000|  0%| F|  |TAMS 0x000000060b800000, 0x000000060b800000| Untracked 
|  36|0x000000060bc00000, 0x000000060bc00000, 0x000000060c000000|  0%| F|  |TAMS 0x000000060bc00000, 0x000000060bc00000| Untracked 
|  37|0x000000060c000000, 0x000000060c000000, 0x000000060c400000|  0%| F|  |TAMS 0x000000060c000000, 0x000000060c000000| Untracked 
|  38|0x000000060c400000, 0x000000060c400000, 0x000000060c800000|  0%| F|  |TAMS 0x000000060c400000, 0x000000060c400000| Untracked 
|  39|0x000000060c800000, 0x000000060c800000, 0x000000060cc00000|  0%| F|  |TAMS 0x000000060c800000, 0x000000060c800000| Untracked 
|  40|0x000000060cc00000, 0x000000060cc00000, 0x000000060d000000|  0%| F|  |TAMS 0x000000060cc00000, 0x000000060cc00000| Untracked 
|  41|0x000000060d000000, 0x000000060d000000, 0x000000060d400000|  0%| F|  |TAMS 0x000000060d000000, 0x000000060d000000| Untracked 
|  42|0x000000060d400000, 0x000000060d400000, 0x000000060d800000|  0%| F|  |TAMS 0x000000060d400000, 0x000000060d400000| Untracked 
|  43|0x000000060d800000, 0x000000060d800000, 0x000000060dc00000|  0%| F|  |TAMS 0x000000060d800000, 0x000000060d800000| Untracked 
|  44|0x000000060dc00000, 0x000000060dc00000, 0x000000060e000000|  0%| F|  |TAMS 0x000000060dc00000, 0x000000060dc00000| Untracked 
|  45|0x000000060e000000, 0x000000060e000000, 0x000000060e400000|  0%| F|  |TAMS 0x000000060e000000, 0x000000060e000000| Untracked 
|  46|0x000000060e400000, 0x000000060e400000, 0x000000060e800000|  0%| F|  |TAMS 0x000000060e400000, 0x000000060e400000| Untracked 
|  47|0x000000060e800000, 0x000000060e800000, 0x000000060ec00000|  0%| F|  |TAMS 0x000000060e800000, 0x000000060e800000| Untracked 
|  48|0x000000060ec00000, 0x000000060ec00000, 0x000000060f000000|  0%| F|  |TAMS 0x000000060ec00000, 0x000000060ec00000| Untracked 
|  49|0x000000060f000000, 0x000000060f000000, 0x000000060f400000|  0%| F|  |TAMS 0x000000060f000000, 0x000000060f000000| Untracked 
|  50|0x000000060f400000, 0x000000060f400000, 0x000000060f800000|  0%| F|  |TAMS 0x000000060f400000, 0x000000060f400000| Untracked 
|  51|0x000000060f800000, 0x000000060f800000, 0x000000060fc00000|  0%| F|  |TAMS 0x000000060f800000, 0x000000060f800000| Untracked 
|  52|0x000000060fc00000, 0x000000060fc00000, 0x0000000610000000|  0%| F|  |TAMS 0x000000060fc00000, 0x000000060fc00000| Untracked 
|  53|0x0000000610000000, 0x0000000610000000, 0x0000000610400000|  0%| F|  |TAMS 0x0000000610000000, 0x0000000610000000| Untracked 
|  54|0x0000000610400000, 0x0000000610400000, 0x0000000610800000|  0%| F|  |TAMS 0x0000000610400000, 0x0000000610400000| Untracked 
|  55|0x0000000610800000, 0x0000000610800000, 0x0000000610c00000|  0%| F|  |TAMS 0x0000000610800000, 0x0000000610800000| Untracked 
|  56|0x0000000610c00000, 0x0000000610c00000, 0x0000000611000000|  0%| F|  |TAMS 0x0000000610c00000, 0x0000000610c00000| Untracked 
|  57|0x0000000611000000, 0x0000000611000000, 0x0000000611400000|  0%| F|  |TAMS 0x0000000611000000, 0x0000000611000000| Untracked 
|  58|0x0000000611400000, 0x0000000611400000, 0x0000000611800000|  0%| F|  |TAMS 0x0000000611400000, 0x0000000611400000| Untracked 
|  59|0x0000000611800000, 0x0000000611800000, 0x0000000611c00000|  0%| F|  |TAMS 0x0000000611800000, 0x0000000611800000| Untracked 
|  60|0x0000000611c00000, 0x0000000611c00000, 0x0000000612000000|  0%| F|  |TAMS 0x0000000611c00000, 0x0000000611c00000| Untracked 
|  61|0x0000000612000000, 0x0000000612000000, 0x0000000612400000|  0%| F|  |TAMS 0x0000000612000000, 0x0000000612000000| Untracked 
|  62|0x0000000612400000, 0x0000000612400000, 0x0000000612800000|  0%| F|  |TAMS 0x0000000612400000, 0x0000000612400000| Untracked 
|  63|0x0000000612800000, 0x0000000612800000, 0x0000000612c00000|  0%| F|  |TAMS 0x0000000612800000, 0x0000000612800000| Untracked 
|  64|0x0000000612c00000, 0x0000000612c00000, 0x0000000613000000|  0%| F|  |TAMS 0x0000000612c00000, 0x0000000612c00000| Untracked 
|  65|0x0000000613000000, 0x0000000613000000, 0x0000000613400000|  0%| F|  |TAMS 0x0000000613000000, 0x0000000613000000| Untracked 
|  66|0x0000000613400000, 0x0000000613400000, 0x0000000613800000|  0%| F|  |TAMS 0x0000000613400000, 0x0000000613400000| Untracked 
|  67|0x0000000613800000, 0x0000000613800000, 0x0000000613c00000|  0%| F|  |TAMS 0x0000000613800000, 0x0000000613800000| Untracked 
|  68|0x0000000613c00000, 0x0000000613c00000, 0x0000000614000000|  0%| F|  |TAMS 0x0000000613c00000, 0x0000000613c00000| Untracked 
|  69|0x0000000614000000, 0x0000000614000000, 0x0000000614400000|  0%| F|  |TAMS 0x0000000614000000, 0x0000000614000000| Untracked 
|  70|0x0000000614400000, 0x0000000614400000, 0x0000000614800000|  0%| F|  |TAMS 0x0000000614400000, 0x0000000614400000| Untracked 
|  71|0x0000000614800000, 0x0000000614800000, 0x0000000614c00000|  0%| F|  |TAMS 0x0000000614800000, 0x0000000614800000| Untracked 
|  72|0x0000000614c00000, 0x0000000614c00000, 0x0000000615000000|  0%| F|  |TAMS 0x0000000614c00000, 0x0000000614c00000| Untracked 
|  73|0x0000000615000000, 0x0000000615000000, 0x0000000615400000|  0%| F|  |TAMS 0x0000000615000000, 0x0000000615000000| Untracked 
|  74|0x0000000615400000, 0x0000000615400000, 0x0000000615800000|  0%| F|  |TAMS 0x0000000615400000, 0x0000000615400000| Untracked 
|  75|0x0000000615800000, 0x0000000615800000, 0x0000000615c00000|  0%| F|  |TAMS 0x0000000615800000, 0x0000000615800000| Untracked 
|  76|0x0000000615c00000, 0x0000000615c00000, 0x0000000616000000|  0%| F|  |TAMS 0x0000000615c00000, 0x0000000615c00000| Untracked 
|  77|0x0000000616000000, 0x0000000616000000, 0x0000000616400000|  0%| F|  |TAMS 0x0000000616000000, 0x0000000616000000| Untracked 
|  78|0x0000000616400000, 0x0000000616400000, 0x0000000616800000|  0%| F|  |TAMS 0x0000000616400000, 0x0000000616400000| Untracked 
|  79|0x0000000616800000, 0x0000000616800000, 0x0000000616c00000|  0%| F|  |TAMS 0x0000000616800000, 0x0000000616800000| Untracked 
|  80|0x0000000616c00000, 0x0000000616c00000, 0x0000000617000000|  0%| F|  |TAMS 0x0000000616c00000, 0x0000000616c00000| Untracked 
|  81|0x0000000617000000, 0x0000000617000000, 0x0000000617400000|  0%| F|  |TAMS 0x0000000617000000, 0x0000000617000000| Untracked 
|  82|0x0000000617400000, 0x0000000617400000, 0x0000000617800000|  0%| F|  |TAMS 0x0000000617400000, 0x0000000617400000| Untracked 
|  83|0x0000000617800000, 0x0000000617800000, 0x0000000617c00000|  0%| F|  |TAMS 0x0000000617800000, 0x0000000617800000| Untracked 
|  84|0x0000000617c00000, 0x0000000617c00000, 0x0000000618000000|  0%| F|  |TAMS 0x0000000617c00000, 0x0000000617c00000| Untracked 
|  85|0x0000000618000000, 0x0000000618000000, 0x0000000618400000|  0%| F|  |TAMS 0x0000000618000000, 0x0000000618000000| Untracked 
|  86|0x0000000618400000, 0x0000000618400000, 0x0000000618800000|  0%| F|  |TAMS 0x0000000618400000, 0x0000000618400000| Untracked 
|  87|0x0000000618800000, 0x0000000618800000, 0x0000000618c00000|  0%| F|  |TAMS 0x0000000618800000, 0x0000000618800000| Untracked 
|  88|0x0000000618c00000, 0x0000000618c00000, 0x0000000619000000|  0%| F|  |TAMS 0x0000000618c00000, 0x0000000618c00000| Untracked 
|  89|0x0000000619000000, 0x0000000619000000, 0x0000000619400000|  0%| F|  |TAMS 0x0000000619000000, 0x0000000619000000| Untracked 
|  90|0x0000000619400000, 0x0000000619400000, 0x0000000619800000|  0%| F|  |TAMS 0x0000000619400000, 0x0000000619400000| Untracked 
|  91|0x0000000619800000, 0x0000000619800000, 0x0000000619c00000|  0%| F|  |TAMS 0x0000000619800000, 0x0000000619800000| Untracked 
|  92|0x0000000619c00000, 0x0000000619c00000, 0x000000061a000000|  0%| F|  |TAMS 0x0000000619c00000, 0x0000000619c00000| Untracked 
|  93|0x000000061a000000, 0x000000061a000000, 0x000000061a400000|  0%| F|  |TAMS 0x000000061a000000, 0x000000061a000000| Untracked 
|  94|0x000000061a400000, 0x000000061a400000, 0x000000061a800000|  0%| F|  |TAMS 0x000000061a400000, 0x000000061a400000| Untracked 
|  95|0x000000061a800000, 0x000000061a800000, 0x000000061ac00000|  0%| F|  |TAMS 0x000000061a800000, 0x000000061a800000| Untracked 
|  96|0x000000061ac00000, 0x000000061ac00000, 0x000000061b000000|  0%| F|  |TAMS 0x000000061ac00000, 0x000000061ac00000| Untracked 
|  97|0x000000061b000000, 0x000000061b000000, 0x000000061b400000|  0%| F|  |TAMS 0x000000061b000000, 0x000000061b000000| Untracked 
|  98|0x000000061b400000, 0x000000061b400000, 0x000000061b800000|  0%| F|  |TAMS 0x000000061b400000, 0x000000061b400000| Untracked 
|  99|0x000000061b800000, 0x000000061b800000, 0x000000061bc00000|  0%| F|  |TAMS 0x000000061b800000, 0x000000061b800000| Untracked 
| 100|0x000000061bc00000, 0x000000061bc00000, 0x000000061c000000|  0%| F|  |TAMS 0x000000061bc00000, 0x000000061bc00000| Untracked 
| 101|0x000000061c000000, 0x000000061c000000, 0x000000061c400000|  0%| F|  |TAMS 0x000000061c000000, 0x000000061c000000| Untracked 
| 102|0x000000061c400000, 0x000000061c400000, 0x000000061c800000|  0%| F|  |TAMS 0x000000061c400000, 0x000000061c400000| Untracked 
| 103|0x000000061c800000, 0x000000061c800000, 0x000000061cc00000|  0%| F|  |TAMS 0x000000061c800000, 0x000000061c800000| Untracked 
| 104|0x000000061cc00000, 0x000000061cc00000, 0x000000061d000000|  0%| F|  |TAMS 0x000000061cc00000, 0x000000061cc00000| Untracked 
| 105|0x000000061d000000, 0x000000061d000000, 0x000000061d400000|  0%| F|  |TAMS 0x000000061d000000, 0x000000061d000000| Untracked 
| 106|0x000000061d400000, 0x000000061d400000, 0x000000061d800000|  0%| F|  |TAMS 0x000000061d400000, 0x000000061d400000| Untracked 
| 107|0x000000061d800000, 0x000000061d800000, 0x000000061dc00000|  0%| F|  |TAMS 0x000000061d800000, 0x000000061d800000| Untracked 
| 108|0x000000061dc00000, 0x000000061dc00000, 0x000000061e000000|  0%| F|  |TAMS 0x000000061dc00000, 0x000000061dc00000| Untracked 
| 109|0x000000061e000000, 0x000000061e000000, 0x000000061e400000|  0%| F|  |TAMS 0x000000061e000000, 0x000000061e000000| Untracked 
| 110|0x000000061e400000, 0x000000061e400000, 0x000000061e800000|  0%| F|  |TAMS 0x000000061e400000, 0x000000061e400000| Untracked 
| 111|0x000000061e800000, 0x000000061e800000, 0x000000061ec00000|  0%| F|  |TAMS 0x000000061e800000, 0x000000061e800000| Untracked 
| 112|0x000000061ec00000, 0x000000061ec00000, 0x000000061f000000|  0%| F|  |TAMS 0x000000061ec00000, 0x000000061ec00000| Untracked 
| 113|0x000000061f000000, 0x000000061f000000, 0x000000061f400000|  0%| F|  |TAMS 0x000000061f000000, 0x000000061f000000| Untracked 
| 114|0x000000061f400000, 0x000000061f400000, 0x000000061f800000|  0%| F|  |TAMS 0x000000061f400000, 0x000000061f400000| Untracked 
| 115|0x000000061f800000, 0x000000061f800000, 0x000000061fc00000|  0%| F|  |TAMS 0x000000061f800000, 0x000000061f800000| Untracked 
| 116|0x000000061fc00000, 0x0000000620000000, 0x0000000620000000|100%| E|  |TAMS 0x000000061fc00000, 0x000000061fc00000| Complete 
| 117|0x0000000620000000, 0x0000000620400000, 0x0000000620400000|100%| S|CS|TAMS 0x0000000620000000, 0x0000000620000000| Complete 
| 118|0x0000000620400000, 0x0000000620800000, 0x0000000620800000|100%| S|CS|TAMS 0x0000000620400000, 0x0000000620400000| Complete 
| 119|0x0000000620800000, 0x0000000620c00000, 0x0000000620c00000|100%| E|CS|TAMS 0x0000000620800000, 0x0000000620800000| Complete 
| 120|0x0000000620c00000, 0x0000000621000000, 0x0000000621000000|100%| E|CS|TAMS 0x0000000620c00000, 0x0000000620c00000| Complete 
| 121|0x0000000621000000, 0x0000000621400000, 0x0000000621400000|100%| E|CS|TAMS 0x0000000621000000, 0x0000000621000000| Complete 
| 122|0x0000000621400000, 0x0000000621800000, 0x0000000621800000|100%| E|CS|TAMS 0x0000000621400000, 0x0000000621400000| Complete 
| 123|0x0000000621800000, 0x0000000621c00000, 0x0000000621c00000|100%| E|CS|TAMS 0x0000000621800000, 0x0000000621800000| Complete 
| 124|0x0000000621c00000, 0x0000000622000000, 0x0000000622000000|100%| E|CS|TAMS 0x0000000621c00000, 0x0000000621c00000| Complete 
| 125|0x0000000622000000, 0x0000000622400000, 0x0000000622400000|100%| E|CS|TAMS 0x0000000622000000, 0x0000000622000000| Complete 
| 126|0x0000000622400000, 0x0000000622800000, 0x0000000622800000|100%| E|CS|TAMS 0x0000000622400000, 0x0000000622400000| Complete 
| 127|0x0000000622800000, 0x0000000622c00000, 0x0000000622c00000|100%| E|CS|TAMS 0x0000000622800000, 0x0000000622800000| Complete 

Card table byte_map: [0x0000029bfec90000,0x0000029bffc80000] _byte_map_base: 0x0000029bfbc7a000

Marking Bits (Prev, Next): (CMBitMap*) 0x0000029bfd3fc2a0, (CMBitMap*) 0x0000029bfd3fc2e0
 Prev Bits: [0x0000029b977e0000, 0x0000029b9f730000)
 Next Bits: [0x0000029b9f730000, 0x0000029ba7680000)

Polling page: 0x0000029bfb2a0000

Metaspace:

Usage:
  Non-class:      9.67 MB used.
      Class:    653.34 KB used.
       Both:     10.31 MB used.

Virtual space:
  Non-class space:       64.00 MB reserved,       9.75 MB ( 15%) committed,  1 nodes.
      Class space:        1.00 GB reserved,     768.00 KB ( <1%) committed,  1 nodes.
             Both:        1.06 GB reserved,      10.50 MB ( <1%) committed. 

Chunk freelists:
   Non-Class:  5.53 MB
       Class:  15.17 MB
        Both:  20.70 MB

MaxMetaspaceSize: unlimited
CompressedClassSpaceSize: 1.00 GB
Initial GC threshold: 21.00 MB
Current GC threshold: 21.00 MB
CDS: on
MetaspaceReclaimPolicy: balanced
 - commit_granule_bytes: 65536.
 - commit_granule_words: 8192.
 - virtual_space_node_default_size: 8388608.
 - enlarge_chunks_in_place: 1.
 - new_chunks_are_fully_committed: 0.
 - uncommit_free_chunks: 1.
 - use_allocation_guard: 0.
 - handle_deallocations: 1.


Internal statistics:

num_allocs_failed_limit: 0.
num_arena_births: 106.
num_arena_deaths: 0.
num_vsnodes_births: 2.
num_vsnodes_deaths: 0.
num_space_committed: 166.
num_space_uncommitted: 0.
num_chunks_returned_to_freelist: 0.
num_chunks_taken_from_freelist: 345.
num_chunk_merges: 0.
num_chunk_splits: 247.
num_chunks_enlarged: 186.
num_inconsistent_stats: 0.

CodeHeap 'non-profiled nmethods': size=119168Kb used=711Kb max_used=711Kb free=118456Kb
 bounds [0x0000029b8f390000, 0x0000029b8f600000, 0x0000029b967f0000]
CodeHeap 'profiled nmethods': size=119104Kb used=2984Kb max_used=2984Kb free=116119Kb
 bounds [0x0000029b877f0000, 0x0000029b87ae0000, 0x0000029b8ec40000]
CodeHeap 'non-nmethods': size=7488Kb used=3394Kb max_used=3429Kb free=4093Kb
 bounds [0x0000029b8ec40000, 0x0000029b8efa0000, 0x0000029b8f390000]
 total_blobs=2944 nmethods=1778 adapters=1076
 compilation: enabled
              stopped_count=0, restarted_count=0
 full_count=0

Compilation events (20 events):
Event: 1.030 Thread 0x0000029ba9a69fd0 1730       3       d2t.terra.abubaria.hitbox.HitBox::<init> (14 bytes)
Event: 1.030 Thread 0x0000029c02ec8d30 nmethod 1719 0x0000029b8f42d690 code [0x0000029b8f42d800, 0x0000029b8f42d878]
Event: 1.030 Thread 0x0000029c02ec8d30 1720       4       d2t.terra.abubaria.io.devices.Keys::getVK_F3 (4 bytes)
Event: 1.030 Thread 0x0000029ba9a69fd0 nmethod 1730 0x0000029b87acbe90 code [0x0000029b87acc040, 0x0000029b87acc238]
Event: 1.030 Thread 0x0000029c02ec8d30 nmethod 1720 0x0000029b8f42d990 code [0x0000029b8f42db00, 0x0000029b8f42db78]
Event: 1.030 Thread 0x0000029c02ec8d30 1721       4       d2t.terra.abubaria.io.devices.Keys::getVK_F9 (4 bytes)
Event: 1.030 Thread 0x0000029c02ec8d30 nmethod 1721 0x0000029b8f42dc90 code [0x0000029b8f42de00, 0x0000029b8f42de78]
Event: 1.030 Thread 0x0000029c02ec8d30 1722       4       d2t.terra.abubaria.io.devices.Keys::getVK_UP (4 bytes)
Event: 1.030 Thread 0x0000029c02ec8d30 nmethod 1722 0x0000029b8f42df90 code [0x0000029b8f42e100, 0x0000029b8f42e178]
Event: 1.030 Thread 0x0000029c02ec8d30 1723       4       d2t.terra.abubaria.io.devices.Keys::getVK_DOWN (4 bytes)
Event: 1.031 Thread 0x0000029c02ec8d30 nmethod 1723 0x0000029b8f42e290 code [0x0000029b8f42e400, 0x0000029b8f42e478]
Event: 1.031 Thread 0x0000029c02ec8d30 1724       4       d2t.terra.abubaria.io.devices.Keys::getVK_B (4 bytes)
Event: 1.031 Thread 0x0000029c02ec8d30 nmethod 1724 0x0000029b8f42e590 code [0x0000029b8f42e700, 0x0000029b8f42e778]
Event: 1.031 Thread 0x0000029c02ec8d30 1725       4       d2t.terra.abubaria.io.devices.Keys::getVK_E (4 bytes)
Event: 1.031 Thread 0x0000029c02ec8d30 nmethod 1725 0x0000029b8f42e890 code [0x0000029b8f42ea00, 0x0000029b8f42ea78]
Event: 1.031 Thread 0x0000029c02ec8d30 1733       4       d2t.terra.abubaria.world.WorldGenerator$fillChunkWithTerrain$1::invoke (22 bytes)
Event: 1.031 Thread 0x0000029baa5c8990 1737       1       d2t.terra.abubaria.world.World::getChunkMap (5 bytes)
Event: 1.031 Thread 0x0000029baa5c8990 nmethod 1737 0x0000029b8f42eb90 code [0x0000029b8f42ed20, 0x0000029b8f42edf8]
Event: 1.031 Thread 0x0000029bf7eadcb0 nmethod 1704 0x0000029b8f42ee90 code [0x0000029b8f42f080, 0x0000029b8f42f638]
Event: 1.031 Thread 0x0000029bf7eadcb0 1734       4       d2t.terra.abubaria.world.WorldGenerator$fillChunkWithTerrain$1::invoke (70 bytes)

GC Heap History (6 events):
Event: 0.545 GC heap before
{Heap before GC invocations=0 (full 0):
 garbage-first heap   total 524288K, used 24576K [0x0000000602c00000, 0x0000000800000000)
  region size 4096K, 6 young (24576K), 0 survivors (0K)
 Metaspace       used 5623K, committed 5760K, reserved 1114112K
  class space    used 286K, committed 384K, reserved 1048576K
}
Event: 0.549 GC heap after
{Heap after GC invocations=1 (full 0):
 garbage-first heap   total 524288K, used 9372K [0x0000000602c00000, 0x0000000800000000)
  region size 4096K, 1 young (4096K), 1 survivors (4096K)
 Metaspace       used 5623K, committed 5760K, reserved 1114112K
  class space    used 286K, committed 384K, reserved 1048576K
}
Event: 0.554 GC heap before
{Heap before GC invocations=1 (full 0):
 garbage-first heap   total 524288K, used 29852K [0x0000000602c00000, 0x0000000800000000)
  region size 4096K, 6 young (24576K), 1 survivors (4096K)
 Metaspace       used 5625K, committed 5760K, reserved 1114112K
  class space    used 286K, committed 384K, reserved 1048576K
}
Event: 0.559 GC heap after
{Heap after GC invocations=2 (full 0):
 garbage-first heap   total 524288K, used 30307K [0x0000000602c00000, 0x0000000800000000)
  region size 4096K, 1 young (4096K), 1 survivors (4096K)
 Metaspace       used 5625K, committed 5760K, reserved 1114112K
  class space    used 286K, committed 384K, reserved 1048576K
}
Event: 0.991 GC heap before
{Heap before GC invocations=2 (full 0):
 garbage-first heap   total 524288K, used 71267K [0x0000000602c00000, 0x0000000800000000)
  region size 4096K, 7 young (28672K), 1 survivors (4096K)
 Metaspace       used 9280K, committed 9472K, reserved 1114112K
  class space    used 614K, committed 704K, reserved 1048576K
}
Event: 0.994 GC heap after
{Heap after GC invocations=3 (full 0):
 garbage-first heap   total 524288K, used 62524K [0x0000000602c00000, 0x0000000800000000)
  region size 4096K, 1 young (4096K), 1 survivors (4096K)
 Metaspace       used 9280K, committed 9472K, reserved 1114112K
  class space    used 614K, committed 704K, reserved 1048576K
}

Deoptimization events (20 events):
Event: 0.990 Thread 0x0000029bf7c17240 Uncommon trap: trap_request=0xffffffbe fr.pc=0x0000029b8f3d6bc4 relative=0x0000000000000da4
Event: 0.990 Thread 0x0000029bf7c17240 Uncommon trap: reason=profile_predicate action=maybe_recompile pc=0x0000029b8f3d6bc4 method=d2t.terra.abubaria.world.block.Block.<init>(Ld2t/terra/abubaria/world/material/Material;IIII)V @ 64 c2
Event: 0.990 Thread 0x0000029bf7c17240 DEOPT PACKING pc=0x0000029b8f3d6bc4 sp=0x000000cbd804f170
Event: 0.990 Thread 0x0000029bf7c17240 DEOPT UNPACKING pc=0x0000029b8ec923a3 sp=0x000000cbd804f058 mode 2
Event: 0.990 Thread 0x0000029bf7c17240 Uncommon trap: trap_request=0xffffffbe fr.pc=0x0000029b8f3d6bc4 relative=0x0000000000000da4
Event: 0.990 Thread 0x0000029bf7c17240 Uncommon trap: reason=profile_predicate action=maybe_recompile pc=0x0000029b8f3d6bc4 method=d2t.terra.abubaria.world.block.Block.<init>(Ld2t/terra/abubaria/world/material/Material;IIII)V @ 64 c2
Event: 0.990 Thread 0x0000029bf7c17240 DEOPT PACKING pc=0x0000029b8f3d6bc4 sp=0x000000cbd804f170
Event: 0.990 Thread 0x0000029bf7c17240 DEOPT UNPACKING pc=0x0000029b8ec923a3 sp=0x000000cbd804f058 mode 2
Event: 0.990 Thread 0x0000029bf7c17240 Uncommon trap: trap_request=0xffffffbe fr.pc=0x0000029b8f3d6bc4 relative=0x0000000000000da4
Event: 0.990 Thread 0x0000029bf7c17240 Uncommon trap: reason=profile_predicate action=maybe_recompile pc=0x0000029b8f3d6bc4 method=d2t.terra.abubaria.world.block.Block.<init>(Ld2t/terra/abubaria/world/material/Material;IIII)V @ 64 c2
Event: 0.990 Thread 0x0000029bf7c17240 DEOPT PACKING pc=0x0000029b8f3d6bc4 sp=0x000000cbd804f170
Event: 0.990 Thread 0x0000029bf7c17240 DEOPT UNPACKING pc=0x0000029b8ec923a3 sp=0x000000cbd804f058 mode 2
Event: 0.990 Thread 0x0000029bf7c17240 Uncommon trap: trap_request=0xffffffbe fr.pc=0x0000029b8f3d502c relative=0x0000000000000d8c
Event: 0.990 Thread 0x0000029bf7c17240 Uncommon trap: reason=profile_predicate action=maybe_recompile pc=0x0000029b8f3d502c method=d2t.terra.abubaria.world.block.Block.<init>(Ld2t/terra/abubaria/world/material/Material;IIII)V @ 64 c2
Event: 0.990 Thread 0x0000029bf7c17240 DEOPT PACKING pc=0x0000029b8f3d502c sp=0x000000cbd804f080
Event: 0.990 Thread 0x0000029bf7c17240 DEOPT UNPACKING pc=0x0000029b8ec923a3 sp=0x000000cbd804f040 mode 2
Event: 1.006 Thread 0x0000029bf7c144b0 DEOPT PACKING pc=0x0000029b87a959cf sp=0x000000cbd7f4ef70
Event: 1.006 Thread 0x0000029bf7c144b0 DEOPT UNPACKING pc=0x0000029b8ec92b43 sp=0x000000cbd7f4e3d8 mode 0
Event: 1.026 Thread 0x0000029bf7c13fa0 DEOPT PACKING pc=0x0000029b87a9e098 sp=0x000000cbd814f590
Event: 1.026 Thread 0x0000029bf7c13fa0 DEOPT UNPACKING pc=0x0000029b8ec92b43 sp=0x000000cbd814ea68 mode 0

Classes unloaded (0 events):
No events

Classes redefined (0 events):
No events

Internal exceptions (19 events):
Event: 0.085 Thread 0x0000029bfd34d850 Exception <a 'java/lang/NoSuchMethodError'{0x0000000622486ea0}: 'void java.lang.invoke.DirectMethodHandle$Holder.invokeStatic(java.lang.Object, java.lang.Object)'> (0x0000000622486ea0) 
thrown [s\open\src\hotspot\share\interpreter\linkResolver.cpp, line 759]
Event: 0.086 Thread 0x0000029bfd34d850 Exception <a 'java/lang/NoSuchMethodError'{0x000000062248c7b8}: 'void java.lang.invoke.DirectMethodHandle$Holder.invokeSpecial(java.lang.Object, java.lang.Object, java.lang.Object)'> (0x000000062248c7b8) 
thrown [s\open\src\hotspot\share\interpreter\linkResolver.cpp, line 759]
Event: 0.088 Thread 0x0000029bfd34d850 Exception <a 'java/lang/NoSuchMethodError'{0x000000062249fb40}: 'java.lang.Object java.lang.invoke.DirectMethodHandle$Holder.invokeStatic(java.lang.Object, java.lang.Object, int)'> (0x000000062249fb40) 
thrown [s\open\src\hotspot\share\interpreter\linkResolver.cpp, line 759]
Event: 0.089 Thread 0x0000029bfd34d850 Exception <a 'java/lang/NoSuchMethodError'{0x00000006224ab8b0}: 'void java.lang.invoke.DelegatingMethodHandle$Holder.delegate(java.lang.Object, java.lang.Object, int, java.lang.Object)'> (0x00000006224ab8b0) 
thrown [s\open\src\hotspot\share\interpreter\linkResolver.cpp, line 759]
Event: 0.090 Thread 0x0000029bfd34d850 Exception <a 'java/lang/NoSuchMethodError'{0x00000006224afaf0}: 'int java.lang.invoke.DirectMethodHandle$Holder.invokeSpecial(java.lang.Object, java.lang.Object, java.lang.Object)'> (0x00000006224afaf0) 
thrown [s\open\src\hotspot\share\interpreter\linkResolver.cpp, line 759]
Event: 0.114 Thread 0x0000029bfd34d850 Exception <a 'sun/nio/fs/WindowsException'{0x0000000622553ed8}> (0x0000000622553ed8) 
thrown [s\open\src\hotspot\share\prims\jni.cpp, line 516]
Event: 0.115 Thread 0x0000029bfd34d850 Exception <a 'sun/nio/fs/WindowsException'{0x0000000622554468}> (0x0000000622554468) 
thrown [s\open\src\hotspot\share\prims\jni.cpp, line 516]
Event: 0.124 Thread 0x0000029bfd34d850 Exception <a 'sun/nio/fs/WindowsException'{0x00000006225c3cc8}> (0x00000006225c3cc8) 
thrown [s\open\src\hotspot\share\prims\jni.cpp, line 516]
Event: 0.124 Thread 0x0000029bfd34d850 Exception <a 'sun/nio/fs/WindowsException'{0x00000006225c4070}> (0x00000006225c4070) 
thrown [s\open\src\hotspot\share\prims\jni.cpp, line 516]
Event: 0.128 Thread 0x0000029bfd34d850 Exception <a 'java/lang/NoSuchMethodError'{0x00000006225ee2a8}: 'java.lang.Object java.lang.invoke.DirectMethodHandle$Holder.invokeStaticInit(java.lang.Object)'> (0x00000006225ee2a8) 
thrown [s\open\src\hotspot\share\interpreter\linkResolver.cpp, line 759]
Event: 0.370 Thread 0x0000029bfd34d850 Exception <a 'sun/nio/fs/WindowsException'{0x0000000622743200}> (0x0000000622743200) 
thrown [s\open\src\hotspot\share\prims\jni.cpp, line 516]
Event: 0.370 Thread 0x0000029bfd34d850 Exception <a 'sun/nio/fs/WindowsException'{0x00000006227435e0}> (0x00000006227435e0) 
thrown [s\open\src\hotspot\share\prims\jni.cpp, line 516]
Event: 0.372 Thread 0x0000029bfd34d850 Exception <a 'sun/nio/fs/WindowsException'{0x000000062274e0c8}> (0x000000062274e0c8) 
thrown [s\open\src\hotspot\share\prims\jni.cpp, line 516]
Event: 0.372 Thread 0x0000029bfd34d850 Exception <a 'sun/nio/fs/WindowsException'{0x000000062274e3e8}> (0x000000062274e3e8) 
thrown [s\open\src\hotspot\share\prims\jni.cpp, line 516]
Event: 0.531 Thread 0x0000029bfd34d850 Exception <a 'sun/nio/fs/WindowsException'{0x0000000621939b48}> (0x0000000621939b48) 
thrown [s\open\src\hotspot\share\prims\jni.cpp, line 516]
Event: 0.531 Thread 0x0000029bfd34d850 Exception <a 'sun/nio/fs/WindowsException'{0x0000000621939f08}> (0x0000000621939f08) 
thrown [s\open\src\hotspot\share\prims\jni.cpp, line 516]
Event: 0.568 Thread 0x0000029bfd34d850 Exception <a 'java/lang/ClassNotFoundException'{0x0000000621c2e118}: sun/awt/resources/spi/awtProvider> (0x0000000621c2e118) 
thrown [s\open\src\hotspot\share\classfile\systemDictionary.cpp, line 256]
Event: 0.581 Thread 0x0000029bfd34d850 Exception <a 'java/io/FileNotFoundException'{0x0000000621cba400}> (0x0000000621cba400) 
thrown [s\open\src\hotspot\share\prims\jni.cpp, line 516]
Event: 0.585 Thread 0x0000029bfd34d850 Exception <a 'java/io/FileNotFoundException'{0x0000000621ce7700}> (0x0000000621ce7700) 
thrown [s\open\src\hotspot\share\prims\jni.cpp, line 516]

VM Operations (20 events):
Event: 0.053 Executing VM operation: HandshakeAllThreads
Event: 0.053 Executing VM operation: HandshakeAllThreads done
Event: 0.102 Executing VM operation: HandshakeAllThreads
Event: 0.102 Executing VM operation: HandshakeAllThreads done
Event: 0.378 Executing VM operation: HandshakeAllThreads
Event: 0.378 Executing VM operation: HandshakeAllThreads done
Event: 0.545 Executing VM operation: G1CollectForAllocation
Event: 0.549 Executing VM operation: G1CollectForAllocation done
Event: 0.554 Executing VM operation: G1CollectForAllocation
Event: 0.559 Executing VM operation: G1CollectForAllocation done
Event: 0.610 Executing VM operation: HandshakeAllThreads
Event: 0.610 Executing VM operation: HandshakeAllThreads done
Event: 0.611 Executing VM operation: HandshakeAllThreads
Event: 0.611 Executing VM operation: HandshakeAllThreads done
Event: 0.701 Executing VM operation: HandshakeAllThreads
Event: 0.701 Executing VM operation: HandshakeAllThreads done
Event: 0.991 Executing VM operation: G1CollectForAllocation
Event: 0.994 Executing VM operation: G1CollectForAllocation done
Event: 1.026 Executing VM operation: HandshakeAllThreads
Event: 1.026 Executing VM operation: HandshakeAllThreads done

Events (20 events):
Event: 0.985 loading class java/util/concurrent/ThreadPoolExecutor$Worker done
Event: 0.985 loading class java/lang/Thread$State
Event: 0.985 loading class java/lang/Thread$State done
Event: 0.985 Thread 0x0000029bf7c17240 Thread added: 0x0000029bf7c17240
Event: 0.989 loading class java/util/concurrent/ConcurrentLinkedQueue$Itr
Event: 0.989 loading class java/util/concurrent/ConcurrentLinkedQueue$Itr done
Event: 1.000 Thread 0x0000029bf7c13fa0 Thread added: 0x0000029bf7c13fa0
Event: 1.005 loading class java/util/NoSuchElementException
Event: 1.005 loading class java/util/NoSuchElementException done
Event: 1.009 loading class jdk/internal/math/FDBigInteger
Event: 1.009 loading class jdk/internal/math/FDBigInteger done
Event: 1.014 loading class java/lang/StrictMath
Event: 1.014 loading class java/lang/StrictMath done
Event: 1.022 Thread 0x0000029bf8057490 Thread added: 0x0000029bf8057490
Event: 1.026 loading class java/lang/NumberFormatException
Event: 1.026 Thread 0x0000029c02ec8d30 Thread added: 0x0000029c02ec8d30
Event: 1.026 loading class java/lang/NumberFormatException done
Event: 1.026 Thread 0x0000029bf87f7180 Thread added: 0x0000029bf87f7180
Event: 1.030 loading class java/nio/HeapFloatBuffer
Event: 1.030 loading class java/nio/HeapFloatBuffer done


Dynamic libraries:
0x00007ff63ca80000 - 0x00007ff63ca90000 	C:\Program Files\Java\jdk-17\bin\java.exe
0x00007ffa3b0b0000 - 0x00007ffa3b2a8000 	C:\Windows\SYSTEM32\ntdll.dll
0x00007ffa39320000 - 0x00007ffa393e2000 	C:\Windows\System32\KERNEL32.DLL
0x00007ffa38950000 - 0x00007ffa38c4f000 	C:\Windows\System32\KERNELBASE.dll
0x00007ffa38e60000 - 0x00007ffa38f60000 	C:\Windows\System32\ucrtbase.dll
0x00007ffa14b90000 - 0x00007ffa14bab000 	C:\Program Files\Java\jdk-17\bin\VCRUNTIME140.dll
0x00007ffa102b0000 - 0x00007ffa102c9000 	C:\Program Files\Java\jdk-17\bin\jli.dll
0x00007ffa3afc0000 - 0x00007ffa3b06f000 	C:\Windows\System32\ADVAPI32.dll
0x00007ffa3a8f0000 - 0x00007ffa3a98e000 	C:\Windows\System32\msvcrt.dll
0x00007ffa3a0b0000 - 0x00007ffa3a14f000 	C:\Windows\System32\sechost.dll
0x00007ffa391f0000 - 0x00007ffa39313000 	C:\Windows\System32\RPCRT4.dll
0x00007ffa38fd0000 - 0x00007ffa38ff7000 	C:\Windows\System32\bcrypt.dll
0x00007ffa39e00000 - 0x00007ffa39f9d000 	C:\Windows\System32\USER32.dll
0x00007ffa390a0000 - 0x00007ffa390c2000 	C:\Windows\System32\win32u.dll
0x00007ffa39450000 - 0x00007ffa3947b000 	C:\Windows\System32\GDI32.dll
0x00007ffa2ef10000 - 0x00007ffa2f1aa000 	C:\Windows\WinSxS\amd64_microsoft.windows.common-controls_6595b64144ccf1df_6.0.19041.4355_none_60b8b9eb71f62e16\COMCTL32.dll
0x00007ffa38830000 - 0x00007ffa3894a000 	C:\Windows\System32\gdi32full.dll
0x00007ffa39000000 - 0x00007ffa3909d000 	C:\Windows\System32\msvcp_win.dll
0x00007ffa31ba0000 - 0x00007ffa31baa000 	C:\Windows\SYSTEM32\VERSION.dll
0x00007ffa3a080000 - 0x00007ffa3a0af000 	C:\Windows\System32\IMM32.DLL
0x00007ffa323b0000 - 0x00007ffa323bc000 	C:\Program Files\Java\jdk-17\bin\vcruntime140_1.dll
0x00007ff9d5ec0000 - 0x00007ff9d5f4e000 	C:\Program Files\Java\jdk-17\bin\msvcp140.dll
0x00007ff989420000 - 0x00007ff98a000000 	C:\Program Files\Java\jdk-17\bin\server\jvm.dll
0x00007ffa3a8e0000 - 0x00007ffa3a8e8000 	C:\Windows\System32\PSAPI.DLL
0x00007ffa323c0000 - 0x00007ffa323c9000 	C:\Windows\SYSTEM32\WSOCK32.dll
0x00007ffa2f850000 - 0x00007ffa2f877000 	C:\Windows\SYSTEM32\WINMM.dll
0x00007ffa3a150000 - 0x00007ffa3a1bb000 	C:\Windows\System32\WS2_32.dll
0x00007ffa365d0000 - 0x00007ffa365e2000 	C:\Windows\SYSTEM32\kernel.appcore.dll
0x00007ffa1cdb0000 - 0x00007ffa1cdba000 	C:\Program Files\Java\jdk-17\bin\jimage.dll
0x00007ffa2b2a0000 - 0x00007ffa2b484000 	C:\Windows\SYSTEM32\DBGHELP.DLL
0x00007ffa2c720000 - 0x00007ffa2c754000 	C:\Windows\SYSTEM32\dbgcore.DLL
0x00007ffa387a0000 - 0x00007ffa38822000 	C:\Windows\System32\bcryptPrimitives.dll
0x00007ffa0cd80000 - 0x00007ffa0cda5000 	C:\Program Files\Java\jdk-17\bin\java.dll
0x00007ff9d5de0000 - 0x00007ff9d5eb7000 	C:\Program Files\Java\jdk-17\bin\jsvml.dll
0x00007ffa39480000 - 0x00007ffa39bed000 	C:\Windows\System32\SHELL32.dll
0x00007ffa367d0000 - 0x00007ffa36f74000 	C:\Windows\SYSTEM32\windows.storage.dll
0x00007ffa3aad0000 - 0x00007ffa3ae25000 	C:\Windows\System32\combase.dll
0x00007ffa38180000 - 0x00007ffa381af000 	C:\Windows\SYSTEM32\Wldp.dll
0x00007ffa3aef0000 - 0x00007ffa3afbd000 	C:\Windows\System32\OLEAUT32.dll
0x00007ffa3ae30000 - 0x00007ffa3aedd000 	C:\Windows\System32\SHCORE.dll
0x00007ffa393f0000 - 0x00007ffa39445000 	C:\Windows\System32\shlwapi.dll
0x00007ffa38680000 - 0x00007ffa386a4000 	C:\Windows\SYSTEM32\profapi.dll
0x00007ffa0e3f0000 - 0x00007ffa0e409000 	C:\Program Files\Java\jdk-17\bin\net.dll
0x00007ffa33050000 - 0x00007ffa3315a000 	C:\Windows\SYSTEM32\WINHTTP.dll
0x00007ffa37ee0000 - 0x00007ffa37f4c000 	C:\Windows\system32\mswsock.dll
0x00007ffa0cd60000 - 0x00007ffa0cd76000 	C:\Program Files\Java\jdk-17\bin\nio.dll
0x00007ffa0ba20000 - 0x00007ffa0ba38000 	C:\Program Files\Java\jdk-17\bin\zip.dll
0x00007ff9dfcb0000 - 0x00007ff9dfd14000 	C:\Users\Terra_Miner\AppData\Local\Temp\lwjglTerra_Miner\3.2.3-build-13\lwjgl.dll
0x00007ff9d9610000 - 0x00007ff9d9672000 	C:\Users\TERRA_~1\AppData\Local\Temp\lwjglTerra_Miner\3.2.3-build-13\glfw.dll
0x00007ffa360c0000 - 0x00007ffa3615e000 	C:\Windows\system32\uxtheme.dll
0x00007ff9fbe70000 - 0x00007ff9fbeb5000 	C:\Windows\SYSTEM32\dinput8.dll
0x00007ffa15670000 - 0x00007ffa15681000 	C:\Windows\SYSTEM32\xinput1_4.dll
0x00007ffa38750000 - 0x00007ffa3879e000 	C:\Windows\System32\cfgmgr32.dll
0x00007ffa384e0000 - 0x00007ffa38513000 	C:\Windows\SYSTEM32\DEVOBJ.dll
0x00007ffa364c0000 - 0x00007ffa364ef000 	C:\Windows\SYSTEM32\dwmapi.dll
0x00007ffa205b0000 - 0x00007ffa20702000 	C:\Windows\SYSTEM32\inputhost.dll
0x00007ffa35400000 - 0x00007ffa354f2000 	C:\Windows\SYSTEM32\CoreMessaging.dll
0x00007ffa33570000 - 0x00007ffa33666000 	C:\Windows\SYSTEM32\PROPSYS.dll
0x00007ffa350a0000 - 0x00007ffa353fb000 	C:\Windows\SYSTEM32\CoreUIComponents.dll
0x00007ffa349b0000 - 0x00007ffa34b07000 	C:\Windows\SYSTEM32\wintypes.dll
0x00007ffa379e0000 - 0x00007ffa37a13000 	C:\Windows\SYSTEM32\ntmarta.dll
0x00007ffa390d0000 - 0x00007ffa391e5000 	C:\Windows\System32\MSCTF.dll
0x00007ffa36f80000 - 0x00007ffa36f8d000 	C:\Windows\SYSTEM32\HID.DLL
0x00007ffa3a250000 - 0x00007ffa3a6c1000 	C:\Windows\System32\SETUPAPI.DLL
0x00007ffa38f60000 - 0x00007ffa38fc9000 	C:\Windows\System32\WINTRUST.dll
0x00007ffa38d00000 - 0x00007ffa38e5c000 	C:\Windows\System32\CRYPT32.dll
0x00007ffa38310000 - 0x00007ffa38322000 	C:\Windows\SYSTEM32\MSASN1.dll
0x00007ffa08a60000 - 0x00007ffa08b88000 	C:\Windows\SYSTEM32\opengl32.dll
0x00007ffa08840000 - 0x00007ffa0886c000 	C:\Windows\SYSTEM32\GLU32.dll
0x00007ffa39d20000 - 0x00007ffa39dc9000 	C:\Windows\System32\clbcatq.dll
0x00007ff9d3570000 - 0x00007ff9d5ba8000 	C:\Windows\System32\DriverStore\FileRepository\nvmdi.inf_amd64_fe5a9cae5c641286\nvoglv64.dll
0x00007ffa39bf0000 - 0x00007ffa39d1b000 	C:\Windows\System32\ole32.dll
0x00007ffa33850000 - 0x00007ffa33864000 	C:\Windows\SYSTEM32\WTSAPI32.dll
0x00007ffa31b60000 - 0x00007ffa31b91000 	C:\Windows\SYSTEM32\cryptnet.dll
0x00007ffa380f0000 - 0x00007ffa380fc000 	C:\Windows\SYSTEM32\cryptbase.dll
0x00007ffa31e50000 - 0x00007ffa31f97000 	C:\Windows\SYSTEM32\drvstore.dll
0x00007ffa39dd0000 - 0x00007ffa39ded000 	C:\Windows\System32\imagehlp.dll
0x00007ffa380d0000 - 0x00007ffa380e8000 	C:\Windows\SYSTEM32\CRYPTSP.dll
0x00007ffa37790000 - 0x00007ffa377c4000 	C:\Windows\system32\rsaenh.dll
0x00007ffa279a0000 - 0x00007ffa2a6b0000 	C:\Windows\System32\DriverStore\FileRepository\nvmdi.inf_amd64_fe5a9cae5c641286\nvgpucomp64.dll
0x00007ffa308c0000 - 0x00007ffa308fb000 	C:\Windows\SYSTEM32\dxcore.dll
0x00007ffa0a420000 - 0x00007ffa0a724000 	C:\Windows\system32\nvspcap64.dll
0x00007ffa37c90000 - 0x00007ffa37cdb000 	C:\Windows\SYSTEM32\powrprof.dll
0x00007ffa37b50000 - 0x00007ffa37b62000 	C:\Windows\SYSTEM32\UMPDC.dll
0x00007ffa373f0000 - 0x00007ffa3744b000 	C:\Windows\SYSTEM32\WINSTA.dll
0x00007ffa20710000 - 0x00007ffa20809000 	C:\Windows\SYSTEM32\textinputframework.dll
0x00007ff9d8ec0000 - 0x00007ff9d8f19000 	C:\Users\Terra_Miner\AppData\Local\Temp\lwjglTerra_Miner\3.2.3-build-13\lwjgl_opengl.dll
0x00007ff9d5d60000 - 0x00007ff9d5dd7000 	C:\Users\Terra_Miner\AppData\Local\Temp\lwjglTerra_Miner\3.2.3-build-13\lwjgl_stb.dll
0x00007ff9d5bc0000 - 0x00007ff9d5d51000 	C:\Program Files\Java\jdk-17\bin\awt.dll
0x00007ffa35910000 - 0x00007ffa359a4000 	C:\Windows\SYSTEM32\apphelp.dll
0x00007ff9cdc80000 - 0x00007ff9cdd07000 	C:\Program Files\Java\jdk-17\bin\freetype.dll
0x00007ff9cdb90000 - 0x00007ff9cdc71000 	C:\Program Files\Java\jdk-17\bin\fontmanager.dll
0x00007ffa08880000 - 0x00007ffa08a51000 	C:\Windows\system32\d3d9.dll
0x00007ffa30300000 - 0x00007ffa303c4000 	C:\Windows\System32\DriverStore\FileRepository\nvmdi.inf_amd64_fe5a9cae5c641286\nvldumdx.dll
0x00007ff9e7750000 - 0x00007ff9e94dc000 	C:\Windows\System32\DriverStore\FileRepository\nvmdi.inf_amd64_fe5a9cae5c641286\nvd3dumx.dll
0x00007ffa36f90000 - 0x00007ffa36fb3000 	C:\Windows\SYSTEM32\gpapi.dll
0x00007ffa0a2c0000 - 0x00007ffa0a415000 	C:\Windows\System32\DriverStore\FileRepository\nvmdi.inf_amd64_fe5a9cae5c641286\nvppex.dll

dbghelp: loaded successfully - version: 4.0.5 - missing functions: none
symbol engine: initialized successfully - sym options: 0x614 - pdb path: .;C:\Program Files\Java\jdk-17\bin;C:\Windows\SYSTEM32;C:\Windows\WinSxS\amd64_microsoft.windows.common-controls_6595b64144ccf1df_6.0.19041.4355_none_60b8b9eb71f62e16;C:\Program Files\Java\jdk-17\bin\server;C:\Users\Terra_Miner\AppData\Local\Temp\lwjglTerra_Miner\3.2.3-build-13;C:\Users\TERRA_~1\AppData\Local\Temp\lwjglTerra_Miner\3.2.3-build-13;C:\Windows\System32\DriverStore\FileRepository\nvmdi.inf_amd64_fe5a9cae5c641286

VM Arguments:
jvm_args: -Dfile.encoding=UTF-8 -Duser.country=RU -Duser.language=ru -Duser.variant 
java_command: d2t.terra.abubaria.MainKt
java_class_path (initial): C:\Users\Terra_Miner\Desktop\DEV\SimpleGame\build\classes\java\main;C:\Users\Terra_Miner\Desktop\DEV\SimpleGame\build\classes\kotlin\main;C:\Users\Terra_Miner\Desktop\DEV\SimpleGame\build\resources\main;C:\Users\Terra_Miner\.gradle\caches\modules-2\files-2.1\org.jetbrains.kotlinx\kotlinx-coroutines-core-jvm\1.7.1\63a0779cf668e2a47d13fda7c3b0c4f8dc7762f4\kotlinx-coroutines-core-jvm-1.7.1.jar;C:\Users\Terra_Miner\.m2\repository\org\jetbrains\kotlin\kotlin-stdlib-jdk8\1.9.0\kotlin-stdlib-jdk8-1.9.0.jar;C:\Users\Terra_Miner\.m2\repository\org\jetbrains\kotlin\kotlin-stdlib-jdk7\1.9.0\kotlin-stdlib-jdk7-1.9.0.jar;C:\Users\Terra_Miner\.m2\repository\org\jetbrains\kotlin\kotlin-stdlib\1.9.0\kotlin-stdlib-1.9.0.jar;C:\Users\Terra_Miner\.gradle\caches\modules-2\files-2.1\org.lwjgl\lwjgl-assimp\3.2.3\f62aa07a20afbdd3097efc296c4841e0d29700eb\lwjgl-assimp-3.2.3.jar;C:\Users\Terra_Miner\.gradle\caches\modules-2\files-2.1\org.lwjgl\lwjgl-assimp\3.2.3\4e60aeb75f0343c4a9ede4ef8b6b32ca702a00a3\lwjgl-assimp-3.2.3-natives-windows.jar;C:\Users\Terra_Miner\.gradle\caches\modules-2\files-2.1\org.lwjgl\lwjgl-glfw\3.2.3\5e520d5c290c8b012545a8d34fa5db5ab051ea53\lwjgl-glfw-3.2.3.jar;C:\Users\Terra_Miner\.gradle\caches\modules-2\files-2.1\org.lwjgl\lwjgl-glfw\3.2.3\b4d8a3477cdc2edcf7a5f1e822926be846223f54\lwjgl-glfw-3.2.3-natives-windows.jar;C:\Users\Terra_Miner\.gradle\caches\modules-2\files-2.1\org.lwjgl\lwjgl-nfd\3.2.3\c44fee1043c022cf6614a28872d44cf114ca7737\lwjgl-nfd-3.2.3.jar;C:\Users\Terra_Miner\.gradle\caches\modules-2\files-2.1\org.lwjgl\lwjgl-nfd\3.2.3\32782f5f5c57769efb82af864e70b819c77bc891\lwjgl-nfd-3.2.3-natives-windows.jar;C:\Users\Terra_Miner\.gradle\caches\modules-2\files-2.1\org.lwjgl\lwjgl-openal\3.2.3\106742e805803ab9eab8e343f0fb31a3d263903c\lwjgl-openal-3.2.3.jar;C:\Users\Terra_Miner\.gradle\caches\modules-2\files-2.1\org.lwjgl\lwjgl-openal\3.2.3\ec898e8ce11b5886f4f532a1536283ef2817758d\lwjgl-openal-3.2.3-natives-windows.jar;C:\Users\Terra_Min
Launcher Type: SUN_STANDARD

[Global flags]
     intx CICompilerCount                          = 12                                        {product} {ergonomic}
     uint ConcGCThreads                            = 3                                         {product} {ergonomic}
     uint G1ConcRefinementThreads                  = 13                                        {product} {ergonomic}
   size_t G1HeapRegionSize                         = 4194304                                   {product} {ergonomic}
    uintx GCDrainStackTargetSize                   = 64                                        {product} {ergonomic}
   size_t InitialHeapSize                          = 536870912                                 {product} {ergonomic}
   size_t MarkStackSize                            = 4194304                                   {product} {ergonomic}
   size_t MaxHeapSize                              = 8543797248                                {product} {ergonomic}
   size_t MaxNewSize                               = 5125439488                                {product} {ergonomic}
   size_t MinHeapDeltaBytes                        = 4194304                                   {product} {ergonomic}
   size_t MinHeapSize                              = 8388608                                   {product} {ergonomic}
    uintx NonNMethodCodeHeapSize                   = 7602480                                {pd product} {ergonomic}
    uintx NonProfiledCodeHeapSize                  = 122027880                              {pd product} {ergonomic}
    uintx ProfiledCodeHeapSize                     = 122027880                              {pd product} {ergonomic}
    uintx ReservedCodeCacheSize                    = 251658240                              {pd product} {ergonomic}
     bool SegmentedCodeCache                       = true                                      {product} {ergonomic}
   size_t SoftMaxHeapSize                          = 8543797248                             {manageable} {ergonomic}
     bool UseCompressedClassPointers               = true                           {product lp64_product} {ergonomic}
     bool UseCompressedOops                        = true                           {product lp64_product} {ergonomic}
     bool UseG1GC                                  = true                                      {product} {ergonomic}
     bool UseLargePagesIndividualAllocation        = false                                  {pd product} {ergonomic}

Logging:
Log output configuration:
 #0: stdout all=warning uptime,level,tags
 #1: stderr all=off uptime,level,tags

Environment Variables:
PATH=C:\Program Files\Common Files\Oracle\Java\javapath;C:\Program Files (x86)\Common Files\Oracle\Java\java8path;C:\Program Files (x86)\Common Files\Oracle\Java\javapath;C:\Windows\system32;C:\Windows;C:\Windows\System32\Wbem;C:\Windows\System32\WindowsPowerShell\v1.0\;C:\Windows\System32\OpenSSH\;C:\Program Files\NVIDIA Corporation\NVIDIA app\NvDLISR;C:\Program Files (x86)\NVIDIA Corporation\PhysX\Common;C:\Program Files\dotnet\;C:\Program Files\Git\cmd;C:\Users\Terra_Miner\AppData\Local\Microsoft\WindowsApps;C:\Users\Terra_Miner\AppData\Local\spicetify;C:\Users\Terra_Miner\AppData\Local\JetBrains\Toolbox\scripts;C:\Users\Terra_Miner\.dotnet\tools;C:\Users\Terra_Miner\AppData\Local\Programs\cursor\resources\app\bin
USERNAME=Terra_Miner
OS=Windows_NT
PROCESSOR_IDENTIFIER=Intel64 Family 6 Model 191 Stepping 2, GenuineIntel



---------------  S Y S T E M  ---------------

OS:
 Windows 10 , 64 bit Build 19041 (10.0.19041.5438)
OS uptime: 0 days 7:12 hours

CPU: total 16 (initial active 16) (16 cores per cpu, 1 threads per core) family 6 model 191 stepping 2 microcode 0x32, cx8, cmov, fxsr, mmx, 3dnowpref, sse, sse2, sse3, ssse3, sse4.1, sse4.2, popcnt, lzcnt, tsc, tscinvbit, avx, avx2, aes, erms, clmul, bmi1, bmi2, adx, sha, fma, vzeroupper, clflush, clflushopt, clwb

Memory: 4k page, system-wide physical 32580M (14219M free)
TotalPageFile size 37508M (AvailPageFile size 5923M)
current process WorkingSet (physical memory assigned to process): 299M, peak: 299M
current process commit charge ("private bytes"): 831M, peak: 831M

vm_info: Java HotSpot(TM) 64-Bit Server VM (17.0.12+8-LTS-286) for windows-amd64 JRE (17.0.12+8-LTS-286), built on Jun  5 2024 06:46:59 by "mach5one" with MS VC++ 17.6 (VS2022)

END.
